<?xml version="1.0" encoding="utf-8"?><testsuites name="pytest tests"><testsuite name="pytest" errors="0" failures="0" skipped="0" tests="35" time="4.464" timestamp="2026-05-23T16:43:49.089642-05:00" hostname="CapArango"><testcase classname="tests.test_2fa" name="test_generar_totp_secret_crea_clave_valida" time="0.003" /><testcase classname="tests.test_2fa" name="test_obtener_totp_uri_genera_enlace_para_authenticator" time="0.001" /><testcase classname="tests.test_2fa" name="test_verificar_totp_acepta_codigo_correcto" time="0.001" /><testcase classname="tests.test_2fa" name="test_verificar_totp_rechaza_codigo_incorrecto" time="0.001" /><testcase classname="tests.test_2fa" name="test_guardar_totp_secret_en_usuario" time="0.269" /><testcase classname="tests.test_auth" name="test_hash_password_no_guarda_texto_plano" time="0.221" /><testcase classname="tests.test_auth" name="test_verify_password_acepta_password_correcta" time="0.565" /><testcase classname="tests.test_auth" name="test_administrador_tiene_permiso_reportes" time="0.002" /><testcase classname="tests.test_auth" name="test_recepcionista_no_tiene_permiso_reportes" time="0.002" /><testcase classname="tests.test_cita_model" name="test_crear_cita_pendiente" time="0.072" /><testcase classname="tests.test_cita_model" name="test_confirmar_cita_pendiente" time="0.063" /><testcase classname="tests.test_cita_model" name="test_cancelar_cita_no_completada" time="0.053" /><testcase classname="tests.test_cliente_model" name="test_formatear_cedula_agrega_puntos_de_miles" time="0.002" /><testcase classname="tests.test_cliente_model" name="test_obtener_o_crear_reutiliza_cliente_por_cedula" time="0.048" /><testcase classname="tests.test_empleado_model" name="test_crear_empleado_y_obtener_por_id" time="0.044" /><testcase classname="tests.test_factura_model" name="test_generar_factura_para_pago_existente" time="0.055" /><testcase classname="tests.test_factura_model" name="test_generar_factura_retorna_none_si_pago_no_existe" time="0.033" /><testcase classname="tests.test_gasto_model" name="test_crear_gasto_y_sumar_total_por_periodo" time="0.037" /><testcase classname="tests.test_gasto_model" name="test_actualizar_y_eliminar_gasto" time="0.042" /><testcase classname="tests.test_pago_model" name="test_registrar_pago_calcula_ganancias" time="0.037" /><testcase classname="tests.test_pago_model" name="test_no_permite_dos_pagos_para_la_misma_cita" time="0.038" /><testcase classname="tests.test_pago_model" name="test_ingresos_por_periodo_filtra_totales" time="0.098" /><testcase classname="tests.test_performance" name="test_login_responde_en_menos_de_3_segundos" time="0.657" /><testcase classname="tests.test_performance" name="test_crear_cita_responde_en_menos_de_3_segundos" time="0.034" /><testcase classname="tests.test_performance" name="test_registrar_pago_y_factura_responde_en_menos_de_3_segundos" time="0.043" /><testcase classname="tests.test_performance" name="test_consultas_financieras_responden_en_menos_de_3_segundos" time="0.043" /><testcase classname="tests.test_security" name="test_usuario_inactivo_no_puede_autenticarse" time="0.254" /><testcase classname="tests.test_security" name="test_no_permite_correos_duplicados" time="0.457" /><testcase classname="tests.test_security" name="test_recepcionista_no_tiene_permisos_de_administracion" time="0.001" /><testcase classname="tests.test_security" name="test_env_example_no_incluye_token_real" time="0.002" /><testcase classname="tests.test_security" name="test_no_hay_token_telegram_hardcodeado_en_codigo_fuente" time="0.025" /><testcase classname="tests.test_servicio_model" name="test_crear_servicio_y_obtener_por_nombre" time="0.030" /><testcase classname="tests.test_servicio_model" name="test_desactivar_servicio_lo_oculta_de_lista_activa" time="0.035" /><testcase classname="tests.test_usuario_model" name="test_crear_y_autenticar_usuario_correcto" time="0.456" /><testcase classname="tests.test_usuario_model" name="test_autenticar_rechaza_password_incorrecta" time="0.459" /></testsuite></testsuites>